python : import time: self [us] | cumulative | imported package
At line:1 char:1
+ python -X importtime .\SRB1.2-razvoj.py ui 2>&1 | Out-File .\importti ...
+ ~~~~~~~~~~~~~~~~~~~~~~~~~~~~~~~~~~~~~~~~~~~~~~~
    + CategoryInfo          : NotSpecified: (import time: se...mported package:String) [], RemoteException
    + FullyQualifiedErrorId : NativeCommandError
 
import time:        71 |         71 | winreg
import time:       141 |        141 |   _io
import time:        24 |         24 |   marshal
import time:       141 |        141 |   nt
import time:       456 |        761 | _frozen_importlib_external
import time:       393 |        393 |   time
import time:       173 |        566 | zipimport
import time:        37 |         37 |     _codecs
import time:       371 |        407 |   codecs
import time:       692 |        692 |   encodings.aliases
import time:       978 |       2076 | encodings
import time:       343 |        343 | encodings.utf_8
import time:       366 |        366 | encodings.cp1252
import time:        32 |         32 | _signal
import time:        26 |         26 |     _abc
import time:       119 |        144 |   abc
import time:       103 |        246 | io
import time:        48 |         48 |       _stat
import time:        77 |        125 |     stat
import time:       661 |        661 |     _collections_abc
import time:        72 |         72 |       genericpath
import time:        64 |         64 |       _winapi
import time:       167 |        302 |     ntpath
import time:       421 |       1508 |   os
import time:        72 |         72 |   _sitebuiltins
import time:        54 |         54 |   errno
import time:       393 |        393 |   encodings.utf_8_sig
import time:       767 |        767 |   _distutils_hack
import time:       255 |        255 |   sitecustomize
import time:       147 |        147 |   usercustomize
import time:       905 |       4096 | site
import time:        98 |         98 |           itertools
import time:       429 |        429 |           keyword
import time:        60 |         60 |             _operator
import time:       501 |        561 |           operator
import time:       415 |        415 |           reprlib
import time:        56 |         56 |           _collections
import time:       815 |       2372 |         collections
import time:        44 |         44 |         _functools
import time:       686 |       3101 |       functools
import time:       465 |        465 |       types
import time:      1164 |       4729 |     enum
import time:        55 |         55 |       _sre
import time:       404 |        404 |         re._constants
import time:       664 |       1067 |       re._parser
import time:       315 |        315 |       re._casefix
import time:       547 |       1982 |     re._compiler
import time:       388 |        388 |     copyreg
import time:       759 |       7857 |   re
import time:       799 |        799 |   gettext
import time:      1430 |      10085 | argparse
import time:        62 |         62 |   _csv
import time:       495 |        556 | csv
import time:      2018 |       2018 |   _hashlib
import time:        44 |         44 |   _blake2
import time:       460 |       2521 | hashlib
import time:        52 |         52 |   math
import time:       548 |        548 |   numbers
import time:        31 |         31 |       _bisect
import time:       367 |        398 |     bisect
import time:        27 |         27 |     _random
import time:       543 |        967 |   random
import time:       753 |        753 |       _decimal
import time:       366 |       1119 |     decimal
import time:      1521 |       2639 |   fractions
import time:        31 |         31 |   _statistics
import time:       699 |       4934 | statistics
import time:        44 |         44 |       _json
import time:       450 |        494 |     json.scanner
import time:       612 |       1106 |   json.decoder
import time:       527 |        527 |   json.encoder
import time:       463 |       2095 | json
import time:        80 |         80 |       _datetime
import time:       349 |        429 |     datetime
import time:      1244 |       1244 |     _sqlite3
import time:       518 |        518 |     warnings
import time:       475 |       2663 |   sqlite3.dbapi2
import time:       404 |       3067 | sqlite3
import time:       171 |        171 |       posix
import time:       148 |        148 |       posix
import time:       134 |        452 |     posixpath
import time:       378 |        830 |   fnmatch
import time:        59 |         59 |   zlib
import time:       411 |        411 |     _compression
import time:       431 |        431 |     _bz2
import time:       409 |       1249 |   bz2
import time:       425 |        425 |     _lzma
import time:       442 |        867 |   lzma
import time:       720 |       3723 | shutil
import time:       417 |        417 |   _weakrefset
import time:       851 |       1267 | threading
import time:       488 |        488 | unicodedata
import time:       376 |        376 |     xml
import time:       420 |        796 |   xml.etree
import time:       643 |        643 |   contextlib
import time:       602 |        602 |   weakref
import time:       558 |        558 |   xml.etree.ElementPath
import time:       409 |        409 |     copy
import time:       525 |        525 |     pyexpat
import time:       497 |       1430 |   _elementtree
import time:       854 |       4880 | xml.etree.ElementTree
import time:       558 |        558 |     glob
import time:       725 |       1283 |   pathlib._abc
import time:       174 |        174 |     pwd
import time:       157 |        157 |     grp
import time:       595 |        924 |   pathlib._local
import time:       397 |       2603 | pathlib
import time:       366 |        366 |   __future__
import time:       332 |        332 |     numpy.version
import time:       218 |        218 |     numpy._expired_attrs_2_0
import time:       292 |        292 |         numpy._utils._convertions
import time:       298 |        590 |       numpy._utils
import time:       335 |        925 |     numpy._globals
import time:        48 |         48 |       numpy._distributor_init_local
import time:       228 |        276 |     numpy._distributor_init
import time:       366 |        366 |               numpy.exceptions
import time:       310 |        310 |               numpy._core._exceptions
import time:        40 |         40 |                   _contextvars
import time:       378 |        418 |                 contextvars
import time:       217 |        634 |               numpy._core.printoptions
import time:       329 |        329 |               numpy.dtypes
import time:      3686 |       5323 |             numpy._core._multiarray_umath
import time:       242 |        242 |               numpy._utils._inspect
import time:       334 |        575 |             numpy._core.overrides
import time:       672 |       6569 |           numpy._core.multiarray
import time:       268 |        268 |           numpy._core.umath
import time:       277 |        277 |             numpy._core._dtype
import time:       230 |        230 |             numpy._core._string_helpers
import time:       339 |        339 |             numpy._core._type_aliases
import time:       363 |       1207 |           numpy._core.numerictypes
import time:       253 |        253 |             numpy._core._ufunc_config
import time:        60 |         60 |                     _struct
import time:       379 |        439 |                   struct
import time:       437 |        437 |                   _compat_pickle
import time:        78 |         78 |                   _pickle
import time:       881 |       1833 |                 pickle
import time:       286 |       2118 |               numpy._core._methods
import time:       750 |       2868 |             numpy._core.fromnumeric
import time:       266 |       3386 |           numpy._core._machar
import time:       389 |        389 |               numpy._core.shape_base
import time:       241 |        241 |               numpy._core._asarray
import time:       529 |        529 |               numpy._core.arrayprint
import time:      2062 |       3220 |             numpy._core.numeric
import time:       347 |       3567 |           numpy._core.einsumfunc
import time:       305 |        305 |           numpy._core.function_base
import time:       356 |        356 |           numpy._core.getlimits
import time:       275 |        275 |           numpy._core.memmap
import time:       366 |        366 |           numpy._core.records
import time:       829 |        829 |           numpy._core._add_newdocs
import time:       403 |        403 |           numpy._core._add_newdocs_scalars
import time:       227 |        227 |           numpy._core._dtype_ctypes
import time:       786 |        786 |               _ast
import time:      1076 |       1861 |             ast
import time:       793 |        793 |               _ctypes
import time:       580 |        580 |               ctypes._endian
import time:       947 |       2319 |             ctypes
import time:       611 |       4790 |           numpy._core._internal
import time:       307 |        307 |           numpy._pytesttester
import time:       555 |      23403 |         numpy._core
import time:        24 |      23427 |       numpy._core._multiarray_umath
import time:       350 |      23776 |     numpy.__config__
import time:        37 |         37 |                     _typing
import time:      2001 |       2037 |                   typing
import time:       298 |        298 |                       numpy._typing._nbit_base
import time:       301 |        301 |                       numpy._typing._nested_sequence
import time:       213 |        213 |                       numpy._typing._shape
import time:      1776 |       2586 |                     numpy._typing._array_like
import time:      1425 |       1425 |                     numpy._typing._char_codes
import time:      1477 |       1477 |                     numpy._typing._dtype_like
import time:       222 |        222 |                     numpy._typing._nbit
import time:       216 |        216 |                     numpy._typing._scalars
import time:       206 |        206 |                     numpy._typing._ufunc
import time:       446 |       6576 |                   numpy._typing
import time:       308 |        308 |                     numpy.lib._stride_tricks_impl
import time:       373 |        680 |                   numpy.lib._twodim_base_impl
import time:       211 |        211 |                     numpy.lib._array_utils_impl
import time:       213 |        424 |                   numpy.lib.array_utils
import time:       392 |        392 |                   numpy.linalg._umath_linalg
import time:      1250 |      11356 |                 numpy.linalg._linalg
import time:       215 |        215 |                 numpy.linalg.linalg
import time:       288 |      11858 |               numpy.linalg
import time:       435 |      12293 |             numpy.matrixlib.defmatrix
import time:       261 |      12554 |           numpy.matrixlib
import time:       342 |        342 |             numpy.lib._histograms_impl
import time:       915 |       1257 |           numpy.lib._function_base_impl
import time:       213 |        213 |           numpy.lib.stride_tricks
import time:       450 |      14472 |         numpy.lib._index_tricks_impl
import time:       501 |      14972 |       numpy.lib._arraypad_impl
import time:       872 |        872 |       numpy.lib._arraysetops_impl
import time:       260 |        260 |       numpy.lib._arrayterator_impl
import time:       448 |        448 |       numpy.lib._nanfunctions_impl
import time:       455 |        455 |                 _wmi
import time:       811 |       1266 |               platform
import time:       909 |        909 |               textwrap
import time:       324 |       2498 |             numpy.lib._utils_impl
import time:       313 |       2811 |           numpy.lib._format_impl
import time:       213 |       3023 |         numpy.lib.format
import time:       328 |        328 |         numpy.lib._datasource
import time:       383 |        383 |         numpy.lib._iotools
import time:       682 |       4415 |       numpy.lib._npyio_impl
import time:       244 |        244 |           numpy.lib._ufunclike_impl
import time:       340 |        584 |         numpy.lib._type_check_impl
import time:       478 |       1062 |       numpy.lib._polynomial_impl
import time:       401 |        401 |       numpy.lib._shape_base_impl
import time:       250 |        250 |       numpy.lib._version
import time:       206 |        206 |       numpy.lib.introspect
import time:       268 |        268 |       numpy.lib.mixins
import time:       194 |        194 |       numpy.lib.npyio
import time:       322 |        322 |         numpy.lib._scimath_impl
import time:       202 |        523 |       numpy.lib.scimath
import time:       460 |      24326 |     numpy.lib
import time:       252 |        252 |     numpy._array_api_info
import time:      1395 |      51495 |   numpy
import time:       362 |        362 |     pytz.exceptions
import time:       297 |        297 |     pytz.lazy
import time:       294 |        294 |     pytz.tzinfo
import time:       232 |        232 |     pytz.tzfile
import time:       644 |       1827 |   pytz
import time:       296 |        296 |     dateutil._version
import time:       352 |        647 |   dateutil
import time:      1137 |       1137 |       sysconfig
import time:        30 |         30 |       _sysconfig
import time:      1383 |       2549 |     pandas.compat._constants
import time:       255 |        255 |     pandas.compat.compressors
import time:       235 |        235 |         pandas.util
import time:      1516 |       1750 |       pandas.util.version
import time:       388 |       2137 |     pandas.compat.numpy
import time:       196 |        196 |       pyarrow
import time:       237 |        432 |     pandas.compat.pyarrow
import time:       404 |       5775 |   pandas.compat
import time:       427 |        427 |               numpy.random._common
import time:        56 |         56 |                   binascii
import time:       459 |        515 |                 base64
import time:       421 |        421 |                 hmac
import time:       367 |       1302 |               secrets
import time:       495 |       2224 |             numpy.random.bit_generator
import time:       451 |       2675 |           numpy.random._bounded_integers
import time:       312 |        312 |               numpy.random._pcg64
import time:       321 |        321 |               numpy.random._mt19937
import time:       726 |       1359 |             numpy.random._generator
import time:       291 |        291 |             numpy.random._philox
import time:       279 |        279 |             numpy.random._sfc64
import time:       928 |        928 |             numpy.random.mtrand
import time:       262 |       3118 |           numpy.random._pickle
import time:       311 |       6103 |         numpy.random
import time:      2196 |       8299 |       pandas._typing
import time:        35 |         35 |               _opcode
import time:       412 |        412 |               _opcode_metadata
import time:       487 |        933 |             opcode
import time:       866 |       1798 |           dis
import time:       423 |        423 |             importlib
import time:        56 |        478 |           importlib.machinery
import time:       390 |        390 |           linecache
import time:       390 |        390 |             token
import time:        35 |         35 |             _tokenize
import time:       883 |       1307 |           tokenize
import time:      1878 |       5849 |         inspect
import time:       258 |       6106 |       pandas.util._exceptions
import time:       778 |      15182 |     pandas._config.config
import time:       300 |        300 |     pandas._config.dates
import time:        48 |         48 |         _locale
import time:       928 |        976 |       locale
import time:       249 |       1224 |     pandas._config.display
import time:       292 |      16998 |   pandas._config
import time:       252 |        252 |     pandas.core
import time:       841 |       1092 |   pandas.core.config_init
import time:       440 |        440 |       pandas._libs.pandas_parser
import time:       259 |        259 |       pandas._libs.pandas_datetime
import time:       311 |        311 |                   pandas._libs.tslibs.ccalendar
import time:       412 |        412 |                   pandas._libs.tslibs.np_datetime
import time:      1051 |       1774 |                 pandas._libs.tslibs.dtypes
import time:       272 |        272 |                   pandas._libs.tslibs.base
import time:       467 |        467 |                       pandas._libs.tslibs.nattype
import time:       267 |        267 |                           pandas.compat._optional
import time:       567 |        567 |                             zoneinfo._tzpath
import time:       403 |        403 |                             zoneinfo._common
import time:       527 |        527 |                             _zoneinfo
import time:       462 |       1958 |                           zoneinfo
import time:       433 |        433 |                                   importlib._abc
import time:       125 |        558 |                                 importlib.util
import time:       805 |       1362 |                               six
import time:        31 |         31 |                               six.moves
import time:       296 |        296 |                               dateutil.tz._common
import time:       259 |        259 |                               dateutil.tz._factories
import time:       629 |        629 |                                 ctypes.wintypes
import time:       394 |       1022 |                               dateutil.tz.win
import time:       751 |       3719 |                             dateutil.tz.tz
import time:       279 |       3998 |                           dateutil.tz
import time:      1066 |       7288 |                         pandas._libs.tslibs.timezones
import time:      1244 |       1244 |                             calendar
import time:      1180 |       2423 |                           _strptime
import time:       548 |        548 |                               signal
import time:       177 |        177 |                               fcntl
import time:        39 |         39 |                               msvcrt
import time:       714 |       1476 |                             subprocess
import time:       259 |       1735 |                           pandas._config.localization
import time:       476 |       4633 |                         pandas._libs.tslibs.fields
import time:       768 |      12687 |                       pandas._libs.tslibs.timedeltas
import time:       449 |        449 |                       pandas._libs.tslibs.tzconversion
import time:       788 |      14389 |                     pandas._libs.tslibs.timestamps
import time:       291 |        291 |                     pandas._libs.properties
import time:      1147 |      15827 |                   pandas._libs.tslibs.offsets
import time:      1639 |       1639 |                           _string
import time:       639 |       2278 |                         string
import time:       241 |        241 |                         dateutil._common
import time:      1034 |       3552 |                       dateutil.parser._parser
import time:       352 |        352 |                       dateutil.parser.isoparser
import time:       318 |       4221 |                     dateutil.parser
import time:       817 |        817 |                     pandas._libs.tslibs.strptime
import time:       560 |       5597 |                   pandas._libs.tslibs.parsing
import time:       538 |      22234 |                 pandas._libs.tslibs.conversion
import time:       608 |        608 |                 pandas._libs.tslibs.period
import time:       421 |        421 |                 pandas._libs.tslibs.vectorized
import time:       323 |      25358 |               pandas._libs.tslibs
import time:        25 |      25382 |             pandas._libs.tslibs.nattype
import time:       292 |        292 |             pandas._libs.ops_dispatch
import time:       535 |      26209 |           pandas._libs.missing
import time:      1053 |      27262 |         pandas._libs.hashtable
import time:       948 |        948 |         pandas._libs.algos
import time:       658 |      28867 |       pandas._libs.interval
import time:       273 |      29837 |     pandas._libs
import time:       262 |        262 |       pandas.core.dtypes
import time:       183 |        183 |         pyarrow
import time:       850 |       1032 |       pandas._libs.lib
import time:       546 |        546 |       pandas.errors
import time:       487 |        487 |         pandas.core.dtypes.generic
import time:       336 |        823 |       pandas.core.dtypes.base
import time:       253 |        253 |       pandas.core.dtypes.inference
import time:      1075 |       3989 |     pandas.core.dtypes.dtypes
import time:       346 |        346 |       pandas.core.dtypes.common
import time:       330 |        675 |     pandas.core.dtypes.missing
import time:       296 |        296 |       pandas.util._decorators
import time:       252 |        252 |           pandas.io
import time:       354 |        606 |         pandas.io._util
import time:       450 |       1055 |       pandas.core.dtypes.cast
import time:       246 |        246 |         pandas.core.dtypes.astype
import time:       250 |        496 |       pandas.core.dtypes.concat
import time:       238 |        238 |         pandas.core.array_algos
import time:      2208 |       2208 |             numpy.ma.core
import time:       775 |        775 |             numpy.ma.extras
import time:       291 |       3273 |           numpy.ma
import time:       332 |        332 |           pandas.core.common
import time:       309 |       3914 |         pandas.core.construction
import time:       411 |       4562 |       pandas.core.array_algos.take
import time:       348 |        348 |         pandas.core.indexers.utils
import time:       250 |        598 |       pandas.core.indexers
import time:       500 |       7506 |     pandas.core.algorithms
import time:       406 |        406 |         pandas.core.arrays.arrow.accessors
import time:       269 |        269 |           pandas.util._validators
import time:       362 |        362 |           pandas.core.missing
import time:       426 |        426 |               pandas._libs.ops
import time:       240 |        240 |               pandas.core.roperator
import time:       246 |        246 |               pandas.core.computation
import time:       392 |        392 |                 pandas.core.computation.check
import time:       377 |        769 |               pandas.core.computation.expressions
import time:       214 |        214 |               pandas.core.ops.missing
import time:       294 |        294 |               pandas.core.ops.dispatch
import time:       265 |        265 |               pandas.core.ops.invalid
import time:       459 |       2910 |             pandas.core.ops.array_ops
import time:       270 |        270 |             pandas.core.ops.common
import time:       276 |        276 |             pandas.core.ops.docstrings
import time:       223 |        223 |             pandas.core.ops.mask_ops
import time:       283 |       3959 |           pandas.core.ops
import time:       355 |        355 |           pandas.core.arraylike
import time:       348 |        348 |           pandas.core.arrays._arrow_string_mixins
import time:       234 |        234 |           pandas.core.arrays._utils
import time:       388 |        388 |             pandas.compat.numpy.function
import time:       236 |        236 |             pandas.core.array_algos.quantile
import time:       305 |        305 |             pandas.core.sorting
import time:       698 |       1626 |           pandas.core.arrays.base
import time:       800 |        800 |             pandas.core.nanops
import time:       222 |        222 |             pandas.core.array_algos.masked_accumulations
import time:       236 |        236 |             pandas.core.array_algos.masked_reductions
import time:       224 |        224 |               pandas.core.util
import time:       373 |        373 |               pandas._libs.hashing
import time:       346 |        942 |             pandas.core.util.hashing
import time:       660 |       2860 |           pandas.core.arrays.masked
import time:       314 |        314 |             pandas._libs.arrays
import time:       294 |        294 |               pandas.core.arrays.numeric
import time:       282 |        576 |             pandas.core.arrays.floating
import time:       337 |        337 |             pandas.core.arrays.integer
import time:       224 |        224 |                 pandas.core.array_algos.transforms
import time:       536 |        760 |               pandas.core.arrays._mixins
import time:       241 |        241 |                 pandas.core.strings
import time:       293 |        293 |                 pandas.core.strings.base
import time:       521 |       1054 |               pandas.core.strings.object_array
import time:       337 |       2150 |             pandas.core.arrays.numpy_
import time:       243 |        243 |             pandas.io.formats
import time:       214 |        214 |               pandas.io.formats.console
import time:       458 |        672 |             pandas.io.formats.printing
import time:       556 |       4844 |           pandas.core.arrays.string_
import time:       237 |        237 |             pandas.tseries
import time:       480 |        717 |           pandas.tseries.frequencies
import time:      1066 |      16636 |         pandas.core.arrays.arrow.array
import time:       377 |      17417 |       pandas.core.arrays.arrow
import time:       313 |        313 |       pandas.core.arrays.boolean
import time:       339 |        339 |         pandas.core.accessor
import time:       645 |        645 |         pandas.core.base
import time:       679 |       1662 |       pandas.core.arrays.categorical
import time:       502 |        502 |         pandas._libs.tslib
import time:       242 |        242 |           pandas.core.array_algos.datetimelike_accumulations
import time:       962 |       1203 |         pandas.core.arrays.datetimelike
import time:       238 |        238 |         pandas.core.arrays._ranges
import time:       213 |        213 |         pandas.tseries.offsets
import time:       616 |       2771 |       pandas.core.arrays.datetimes
import time:       610 |        610 |         pandas.core.arrays.timedeltas
import time:      1063 |       1672 |       pandas.core.arrays.interval
import time:       471 |        471 |       pandas.core.arrays.period
import time:       513 |        513 |             pandas._libs.sparse
import time:       605 |       1117 |           pandas.core.arrays.sparse.array
import time:       412 |       1528 |         pandas.core.arrays.sparse.accessor
import time:       253 |       1781 |       pandas.core.arrays.sparse
import time:       513 |        513 |       pandas.core.arrays.string_arrow
import time:       308 |      26906 |     pandas.core.arrays
import time:       288 |        288 |     pandas.core.flags
import time:       502 |        502 |           pandas._libs.internals
import time:       348 |        348 |             pandas.core._numba
import time:       492 |        839 |           pandas.core._numba.executor
import time:       783 |       2123 |         pandas.core.apply
import time:        49 |         49 |             gc
import time:       341 |        341 |               pandas._libs.indexing
import time:       317 |        317 |                 pandas.core.indexes
import time:       847 |        847 |                   pandas._libs.index
import time:       376 |        376 |                   pandas._libs.writers
import time:       569 |        569 |                   pandas._libs.join
import time:       247 |        247 |                   pandas.core.array_algos.putmask
import time:       271 |        271 |                   pandas.core.indexes.frozen
import time:      1682 |       1682 |                   pandas.core.strings.accessor
import time:      1450 |       5438 |                 pandas.core.indexes.base
import time:      1366 |       1366 |                   pandas.core.indexes.extension
import time:       343 |       1709 |                 pandas.core.indexes.category
import time:       515 |        515 |                     pandas.core.indexes.range
import time:       233 |        233 |                       pandas.core.tools
import time:       352 |        585 |                     pandas.core.tools.timedeltas
import time:       581 |       1679 |                   pandas.core.indexes.datetimelike
import time:       234 |        234 |                   pandas.core.tools.times
import time:       658 |       2570 |                 pandas.core.indexes.datetimes
import time:      1042 |       1042 |                   pandas.core.indexes.multi
import time:       366 |        366 |                   pandas.core.indexes.timedeltas
import time:       706 |       2113 |                 pandas.core.indexes.interval
import time:       458 |        458 |                 pandas.core.indexes.period
import time:       443 |      13045 |               pandas.core.indexes.api
import time:       864 |      14250 |             pandas.core.indexing
import time:       237 |        237 |             pandas.core.sample
import time:       240 |        240 |             pandas.core.array_algos.replace
import time:       714 |        714 |                 pandas.core.internals.blocks
import time:       331 |       1044 |               pandas.core.internals.api
import time:       444 |        444 |                 pandas.core.internals.base
import time:       409 |        409 |                   pandas.core.internals.ops
import time:       621 |       1030 |                 pandas.core.internals.managers
import time:       512 |       1985 |               pandas.core.internals.array_manager
import time:       328 |        328 |               pandas.core.internals.concat
import time:       266 |       3622 |             pandas.core.internals
import time:       356 |        356 |             pandas.core.internals.construction
import time:       242 |        242 |               pandas.core.methods
import time:       249 |        249 |                 pandas.core.reshape
import time:       432 |        680 |               pandas.core.reshape.concat
import time:       791 |        791 |                   dataclasses
import time:       579 |        579 |                   gzip
import time:        66 |         66 |                   mmap
import time:       188 |        188 |                     pwd
import time:       154 |        154 |                     grp
import time:      1122 |       1464 |                   tarfile
import time:       385 |        385 |                     urllib
import time:      1244 |       1244 |                     ipaddress
import time:      1016 |       2644 |                   urllib.parse
import time:       433 |        433 |                       zipfile._path.glob
import time:       640 |       1073 |                     zipfile._path
import time:       925 |       1997 |                   zipfile
import time:       248 |        248 |                   pandas.core.shared_docs
import time:      1358 |       9144 |                 pandas.io.common
import time:       781 |       9925 |               pandas.io.formats.format
import time:       414 |      11260 |             pandas.core.methods.describe
import time:       236 |        236 |                   pandas._libs.window
import time:       611 |        846 |                 pandas._libs.window.aggregations
import time:       361 |        361 |                   pandas._libs.window.indexers
import time:       496 |        857 |                 pandas.core.indexers.objects
import time:       234 |        234 |                 pandas.core.util.numba_
import time:       236 |        236 |                 pandas.core.window.common
import time:       283 |        283 |                 pandas.core.window.doc
import time:       258 |        258 |                 pandas.core.window.numba_
import time:       240 |        240 |                 pandas.core.window.online
import time:      1415 |       1415 |                 pandas.core.window.rolling
import time:       707 |       5072 |               pandas.core.window.ewm
import time:       875 |        875 |               pandas.core.window.expanding
import time:       268 |       6214 |             pandas.core.window
import time:      3546 |      39771 |           pandas.core.generic
import time:       300 |        300 |           pandas.core.methods.selectn
import time:       216 |        216 |             pandas.core.reshape.util
import time:       244 |        244 |             pandas.core.tools.numeric
import time:       340 |        799 |           pandas.core.reshape.melt
import time:       423 |        423 |             pandas._libs.reshape
import time:       534 |        534 |             pandas.core.indexes.accessors
import time:       255 |        255 |               pandas.arrays
import time:       731 |        985 |             pandas.core.tools.datetimes
import time:       737 |        737 |             pandas.io.formats.info
import time:       950 |        950 |               pandas.plotting._core
import time:       295 |        295 |               pandas.plotting._misc
import time:       269 |       1513 |             pandas.plotting
import time:      2287 |       6476 |           pandas.core.series
import time:      4702 |      52046 |         pandas.core.frame
import time:       808 |        808 |         pandas.core.groupby.base
import time:       961 |        961 |           pandas._libs.groupby
import time:       221 |        221 |             pandas.core.groupby.categorical
import time:       441 |        662 |           pandas.core.groupby.grouper
import time:       547 |       2168 |         pandas.core.groupby.ops
import time:       282 |        282 |           pandas.core.groupby.numba_
import time:       315 |        315 |           pandas.core.groupby.indexing
import time:      1404 |       2001 |         pandas.core.groupby.groupby
import time:      1428 |      60572 |       pandas.core.groupby.generic
import time:       256 |      60827 |     pandas.core.groupby
import time:       298 |     130324 |   pandas.core.api
import time:       229 |        229 |   pandas.tseries.api
import time:       215 |        215 |           pandas.core.computation.common
import time:       276 |        490 |         pandas.core.computation.align
import time:       510 |        510 |             pprint
import time:       447 |        957 |           pandas.core.computation.scope
import time:       400 |       1356 |         pandas.core.computation.ops
import time:       282 |       2128 |       pandas.core.computation.engines
import time:       235 |        235 |         pandas.core.computation.parsing
import time:       898 |       1132 |       pandas.core.computation.expr
import time:       257 |       3516 |     pandas.core.computation.eval
import time:       212 |       3728 |   pandas.core.computation.api
import time:       282 |        282 |     pandas.core.reshape.encoding
import time:       463 |        463 |         _uuid
import time:       586 |       1048 |       uuid
import time:       719 |       1767 |     pandas.core.reshape.merge
import time:       765 |        765 |     pandas.core.reshape.pivot
import time:       298 |        298 |     pandas.core.reshape.tile
import time:       248 |       3359 |   pandas.core.reshape.api
import time:       333 |        333 |     pandas.api.extensions
import time:       231 |        231 |     pandas.api.indexers
import time:       231 |        231 |         pandas.core.interchange
import time:       860 |       1091 |       pandas.core.interchange.dataframe_protocol
import time:       265 |        265 |         pandas.core.interchange.utils
import time:       307 |        571 |       pandas.core.interchange.from_dataframe
import time:       236 |       1897 |     pandas.api.interchange
import time:       231 |        231 |       pandas.core.dtypes.api
import time:       244 |        475 |     pandas.api.types
import time:       946 |        946 |       pandas.core.resample
import time:       304 |        304 |             pandas._libs.json
import time:       274 |        274 |             pandas.io.json._normalize
import time:       267 |        267 |             pandas.io.json._table_schema
import time:       550 |        550 |                   pandas._libs.parsers
import time:       688 |        688 |                     pandas.io.parsers.base_parser
import time:       292 |        980 |                   pandas.io.parsers.arrow_parser_wrapper
import time:       299 |        299 |                   pandas.io.parsers.c_parser_wrapper
import time:       432 |        432 |                   pandas.io.parsers.python_parser
import time:      1500 |       3760 |                 pandas.io.parsers.readers
import time:       240 |       4000 |               pandas.io.parsers
import time:        20 |       4019 |             pandas.io.parsers.readers
import time:       809 |       5670 |           pandas.io.json._json
import time:       248 |       5918 |         pandas.io.json
import time:        20 |       5938 |       pandas.io.json._json
import time:      1079 |       1079 |       pandas.io.stata
import time:       254 |       8216 |     pandas.api.typing
import time:       320 |      11469 |   pandas.api
import time:       627 |        627 |           tempfile
import time:       275 |        901 |         pandas._testing.contexts
import time:       374 |       1274 |       pandas._testing._io
import time:       247 |        247 |       pandas._testing._warnings
import time:        48 |         48 |           cmath
import time:       346 |        394 |         pandas._libs.testing
import time:       408 |        801 |       pandas._testing.asserters
import time:      1875 |       1875 |       pandas._testing.compat
import time:       492 |       4687 |     pandas._testing
import time:       222 |       4909 |   pandas.testing
import time:       253 |        253 |   pandas.util._print_versions
import time:       243 |        243 |     pandas.io.clipboards
import time:       264 |        264 |         pandas.io.excel._util
import time:       365 |        365 |         pandas.io.excel._calamine
import time:       342 |        342 |         pandas.io.excel._odfreader
import time:       398 |        398 |         pandas.io.excel._openpyxl
import time:       294 |        294 |         pandas.io.excel._pyxlsb
import time:       307 |        307 |         pandas.io.excel._xlrd
import time:      1203 |       3170 |       pandas.io.excel._base
import time:       309 |        309 |       pandas.io.excel._odswriter
import time:       300 |        300 |       pandas.io.excel._xlsxwriter
import time:       257 |       4034 |     pandas.io.excel
import time:       262 |        262 |     pandas.io.feather_format
import time:       225 |        225 |     pandas.io.gbq
import time:       606 |        606 |     pandas.io.html
import time:       245 |        245 |     pandas.io.orc
import time:       470 |        470 |     pandas.io.parquet
import time:       293 |        293 |       pandas.compat.pickle_compat
import time:       317 |        609 |     pandas.io.pickle
import time:       486 |        486 |       pandas.core.computation.pytables
import time:      1473 |       1959 |     pandas.io.pytables
import time:       372 |        372 |       pandas.io.sas.sasreader
import time:       267 |        638 |     pandas.io.sas
import time:       221 |        221 |     pandas.io.spss
import time:       694 |        694 |     pandas.io.sql
import time:       605 |        605 |     pandas.io.xml
import time:       307 |      11113 |   pandas.io.api
import time:       247 |        247 |   pandas.util._tester
import time:       210 |        210 |   pandas._version_meson
import time:       581 |     244614 | pandas
import time:       224 |        224 |   srb_modules
import time:       323 |        547 | srb_modules.db
import time:       212 |        212 |     srb_modules.import_common
import time:       218 |        429 |   srb_modules.import_kartice_events
import time:       256 |        256 |   srb_modules.import_sp_prijemi
import time:       240 |        925 | srb_modules.pipelines
import time:       609 |        609 | srb_modules.ui_context
import time:       235 |        235 | srb_modules.ui_finansije
import time:       245 |        245 | srb_modules.ui_poslovanje
import time:       222 |        222 | srb_modules.ui_nepreuzete
import time:       192 |        192 | srb_modules.ui_povrati
import time:       379 |        379 | srb_modules.ui_prodaja
import time:      1050 |       1050 | srb_modules.ui_prodaja_logic
import time:       230 |        230 | srb_modules.ui_troskovi
import time:       244 |        244 | srb_modules.import_sp
import time:       216 |        216 | srb_modules.import_minimax
import time:       204 |        204 | srb_modules.import_bank_xml
import time:       605 |        605 | srb_modules.reset_sources
import time:       365 |        365 | srb_modules.queries
import time:      5775 |       5775 |     _tkinter
import time:       449 |        449 |     tkinter.constants
import time:      2477 |       8700 |   tkinter
import time:       332 |        332 |     tkinter.dialog
import time:       318 |        318 |     tkinter.commondialog
import time:       334 |        334 |       tkinter.messagebox
import time:       512 |        846 |     tkinter.simpledialog
import time:       503 |       1998 |   tkinter.filedialog
import time:       336 |        336 |           packaging
import time:       239 |        239 |             packaging._structures
import time:      1636 |       1875 |           packaging.version
import time:       375 |        375 |                   customtkinter.windows.widgets.core_rendering.ctk_canvas
import time:       390 |        390 |                   customtkinter.windows.widgets.core_rendering.draw_engine
import time:       426 |       1189 |                 customtkinter.windows.widgets.core_rendering
import time:       342 |        342 |                   customtkinter.windows.widgets.theme.theme_manager
import time:       440 |        782 |                 customtkinter.windows.widgets.theme
import time:       395 |        395 |                         tkinter.font
import time:       469 |        863 |                       customtkinter.windows.widgets.font.ctk_font
import time:       263 |        263 |                       customtkinter.windows.widgets.font.font_manager
import time:      1197 |       2322 |                     customtkinter.windows.widgets.font
import time:       898 |        898 |                               _socket
import time:       484 |        484 |                                 select
import time:       675 |       1159 |                               selectors
import time:      1055 |       3112 |                             socket
import time:       561 |        561 |                             darkdetect._windows_detect
import time:     23147 |      26819 |                           darkdetect
import time:       252 |      27071 |                         
customtkinter.windows.widgets.appearance_mode.appearance_mode_tracker
import time:       396 |      27466 |                       
customtkinter.windows.widgets.appearance_mode.appearance_mode_base_class
import time:       296 |      27762 |                     customtkinter.windows.widgets.appearance_mode
import time:       289 |        289 |                         customtkinter.windows.widgets.scaling.scaling_tracker
import time:       444 |        733 |                       customtkinter.windows.widgets.scaling.scaling_base_class
import time:       278 |       1010 |                     customtkinter.windows.widgets.scaling
import time:       501 |      31594 |                   customtkinter.windows.widgets.core_widget_classes.dropdown_menu
import time:      1209 |       1209 |                     tkinter.ttk
import time:       417 |        417 |                           PIL._version
import time:       416 |        832 |                         PIL
import time:        42 |         42 |                           atexit
import time:       558 |        558 |                               _colorize
import time:       777 |       1334 |                             traceback
import time:      3192 |       4525 |                           logging
import time:      2635 |       2635 |                           PIL.ExifTags
import time:       224 |        224 |                             PIL._deprecate
import time:       440 |        664 |                           PIL.ImageMode
import time:       593 |        593 |                           PIL.TiffTags
import time:       230 |        230 |                           PIL._binary
import time:       626 |        626 |                               numpy._typing._add_docstring
import time:       288 |        913 |                             numpy.typing
import time:       415 |       1328 |                           PIL._typing
import time:       261 |        261 |                           PIL._util
import time:       182 |        182 |                           defusedxml
import time:       623 |        623 |                           PIL._imaging
import time:       225 |        225 |                               cffi.lock
import time:       259 |        259 |                               cffi.error
import time:       554 |        554 |                               cffi.model
import time:       571 |       1608 |                             cffi.api
import time:       348 |       1956 |                           cffi
import time:      1475 |      14509 |                         PIL.Image
import time:       270 |        270 |                         PIL.ImageTk
import time:       382 |      15992 |                       customtkinter.windows.widgets.image.ctk_image
import time:       287 |      16279 |                     customtkinter.windows.widgets.image
import time:       296 |        296 |                       customtkinter.windows.widgets.utility.utility_functions
import time:       262 |        557 |                     customtkinter.windows.widgets.utility
import time:       758 |      18802 |                   
customtkinter.windows.widgets.core_widget_classes.ctk_base_class
import time:       252 |      50646 |                 customtkinter.windows.widgets.core_widget_classes
import time:       622 |      53238 |               customtkinter.windows.widgets.ctk_button
import time:       338 |        338 |               customtkinter.windows.widgets.ctk_checkbox
import time:       371 |        371 |               customtkinter.windows.widgets.ctk_combobox
import time:       330 |        330 |               customtkinter.windows.widgets.ctk_entry
import time:       310 |        310 |               customtkinter.windows.widgets.ctk_frame
import time:       301 |        301 |               customtkinter.windows.widgets.ctk_label
import time:       481 |        481 |               customtkinter.windows.widgets.ctk_optionmenu
import time:       319 |        319 |               customtkinter.windows.widgets.ctk_progressbar
import time:       349 |        349 |               customtkinter.windows.widgets.ctk_radiobutton
import time:       283 |        283 |               customtkinter.windows.widgets.ctk_scrollbar
import time:       327 |        327 |               customtkinter.windows.widgets.ctk_segmented_button
import time:       351 |        351 |               customtkinter.windows.widgets.ctk_slider
import time:       315 |        315 |               customtkinter.windows.widgets.ctk_switch
import time:       328 |        328 |               customtkinter.windows.widgets.ctk_tabview
import time:       364 |        364 |               customtkinter.windows.widgets.ctk_textbox
import time:       358 |        358 |               customtkinter.windows.widgets.ctk_scrollable_frame
import time:       375 |      58730 |             customtkinter.windows.widgets
import time:        36 |      58765 |           customtkinter.windows.widgets.theme
import time:       445 |      61420 |         customtkinter.windows.ctk_tk
import time:       314 |        314 |         customtkinter.windows.ctk_toplevel
import time:       267 |        267 |         customtkinter.windows.ctk_input_dialog
import time:       351 |      62350 |       customtkinter.windows
import time:        18 |      62367 |     customtkinter.windows.widgets
import time:        20 |      62386 |   customtkinter.windows.widgets.appearance_mode
import time:       435 |      73518 | customtkinter
import time:       385 |        385 |   concurrent
import time:       667 |        667 |   concurrent.futures._base
import time:       460 |       1510 | concurrent.futures
import time:       394 |        394 |           babel.localedata
import time:       621 |        621 |           babel.plural
import time:       562 |       1577 |         babel.core
import time:       354 |       1931 |       babel
import time:       205 |        205 |             babel.localtime._helpers
import time:      2949 |       3153 |           babel.localtime._win32
import time:       279 |        279 |           babel.localtime._fallback
import time:     36526 |      39957 |         babel.localtime
import time:       512 |      40469 |       babel.dates
import time:       314 |        314 |       tkcalendar.tooltip
import time:       616 |      43328 |     tkcalendar.calendar_
import time:       398 |      43726 |   tkcalendar.dateentry
import time:       340 |      44065 | tkcalendar
import time:       417 |        417 |         matplotlib._api.deprecation
import time:       527 |        944 |       matplotlib._api
import time:       184 |        184 |       matplotlib._version
import time:       479 |        479 |         shlex
import time:       414 |        414 |         matplotlib._c_internal_utils
import time:       773 |       1665 |       matplotlib.cbook
import time:       265 |        265 |       matplotlib._docstring
import time:       567 |        567 |           matplotlib.backends.registry
import time:       240 |        806 |         matplotlib.backends
import time:       239 |        239 |             PIL.ImageChops
import time:       577 |        577 |             PIL.ImageFile
import time:        72 |         72 |               array
import time:       245 |        245 |               PIL.GimpGradientFile
import time:       232 |        232 |               PIL.GimpPaletteFile
import time:       275 |        275 |               PIL.ImageColor
import time:       220 |        220 |               PIL.PaletteFile
import time:       310 |       1352 |             PIL.ImagePalette
import time:       221 |        221 |             PIL.ImageSequence
import time:       889 |       3277 |           PIL.PngImagePlugin
import time:      2592 |       2592 |           matplotlib._cm
import time:       493 |        493 |                 matplotlib._path
import time:       345 |        345 |                   matplotlib.bezier
import time:       418 |        762 |                 matplotlib.path
import time:      1315 |       2569 |               matplotlib.transforms
import time:       971 |       3540 |             matplotlib.ticker
import time:       694 |       4234 |           matplotlib.scale
import time:       612 |        612 |           matplotlib._color_data
import time:      1245 |      11957 |         matplotlib.colors
import time:       590 |        590 |             pyparsing.util
import time:       407 |        407 |               pyparsing.unicode
import time:      1314 |       1720 |             pyparsing.exceptions
import time:       360 |        360 |               pyparsing.results
import time:       391 |        751 |             pyparsing.actions
import time:      6546 |       6546 |             pyparsing.core
import time:      1126 |       1126 |                   html.entities
import time:       542 |       1667 |                 html
import time:        19 |       1685 |               html.entities
import time:      1820 |       3505 |             pyparsing.helpers
import time:       325 |        325 |             pyparsing.testing
import time:      2894 |       2894 |             pyparsing.common
import time:       628 |      16956 |           pyparsing
import time:       376 |      17331 |         matplotlib._fontconfig_pattern
import time:       519 |        519 |         matplotlib._enums
import time:       489 |        489 |         cycler
import time:       689 |      31789 |       matplotlib.rcsetup
import time:       499 |        499 |       matplotlib.ft2font
import time:       258 |        258 |         kiwisolver.exceptions
import time:       585 |        842 |       kiwisolver._cext
import time:       698 |        698 |         matplotlib._cm_listed
import time:      2884 |       3582 |       matplotlib.cm
import time:      5186 |      44953 |     matplotlib
import time:        11 |      44964 |   matplotlib.backends
import time:       251 |        251 |       matplotlib._pylab_helpers
import time:       718 |        969 |     matplotlib.backend_tools
import time:      1950 |       1950 |         matplotlib.artist
import time:       317 |        317 |               xml.parsers
import time:       390 |        707 |             xml.parsers.expat
import time:       865 |       1572 |           plistlib
import time:       792 |        792 |             matplotlib._mathtext_data
import time:       423 |       1215 |           matplotlib._afm
import time:      3025 |       5810 |         matplotlib.font_manager
import time:       322 |        322 |           matplotlib.hatch
import time:       552 |        552 |             matplotlib.markers
import time:      4921 |       5473 |           matplotlib.lines
import time:     14904 |      20697 |         matplotlib.patches
import time:       707 |        707 |           matplotlib._text_helpers
import time:       886 |        886 |           matplotlib.dviread
import time:      2064 |       2064 |             matplotlib._mathtext
import time:       270 |       2333 |           matplotlib.mathtext
import time:       361 |        361 |           matplotlib.texmanager
import time:       364 |       4651 |         matplotlib.textpath
import time:      3829 |      36936 |       matplotlib.text
import time:       222 |        222 |       matplotlib._tight_bbox
import time:     12028 |      12028 |         matplotlib.collections
import time:      1208 |      13236 |       matplotlib.widgets
import time:       326 |        326 |       matplotlib.backend_managers
import time:       281 |        281 |           matplotlib._layoutgrid
import time:       307 |        587 |         matplotlib._constrained_layout
import time:       242 |        242 |         matplotlib._tight_layout
import time:       295 |       1123 |       matplotlib.layout_engine
import time:      1581 |      53423 |     matplotlib.backend_bases
import time:      1254 |       1254 |     matplotlib.backends._tkagg
import time:       657 |      56302 |   matplotlib.backends._backend_tk
import time:       342 |        342 |     matplotlib.backends._backend_agg
import time:       399 |        740 |   matplotlib.backends.backend_agg
import time:       274 |     102278 | matplotlib.backends.backend_tkagg
import time:       214 |        214 |   matplotlib._blocking_input
import time:       481 |        481 |             matplotlib._image
import time:      3618 |       4099 |           matplotlib.image
import time:      4971 |       9069 |         matplotlib.offsetbox
import time:       279 |        279 |           matplotlib.units
import time:      4915 |       5194 |         matplotlib.axis
import time:       386 |        386 |         matplotlib.gridspec
import time:      1114 |       1114 |         matplotlib.spines
import time:      1833 |       1833 |         matplotlib.table
import time:      3717 |      21310 |       matplotlib.axes._base
import time:       298 |        298 |         matplotlib.category
import time:      1991 |       1991 |         matplotlib.contour
import time:        42 |         42 |               _heapq
import time:       417 |        459 |             heapq
import time:       553 |       1011 |           dateutil.rrule
import time:       722 |       1733 |         matplotlib.dates
import time:       277 |        277 |           matplotlib.container
import time:       435 |        435 |           matplotlib.legend_handler
import time:      1438 |       2149 |         matplotlib.legend
import time:       388 |        388 |         matplotlib.mlab
import time:      2834 |       2834 |         matplotlib.quiver
import time:       257 |        257 |         matplotlib.stackplot
import time:       398 |        398 |         matplotlib.streamplot
import time:       366 |        366 |           matplotlib.tri._triangulation
import time:      1215 |       1215 |           matplotlib.tri._tricontour
import time:       256 |        256 |           matplotlib.tri._trifinder
import time:       267 |        267 |             matplotlib.tri._tritools
import time:       579 |        845 |           matplotlib.tri._triinterpolate
import time:       224 |        224 |           matplotlib.tri._tripcolor
import time:       210 |        210 |           matplotlib.tri._triplot
import time:       266 |        266 |           matplotlib.tri._trirefine
import time:       304 |       3682 |         matplotlib.tri
import time:      1594 |       1594 |         matplotlib.axes._secondary_axes
import time:      7880 |      23199 |       matplotlib.axes._axes
import time:       278 |      44786 |     matplotlib.axes
import time:      6318 |       6318 |     matplotlib.projections.geo
import time:      4738 |       4738 |     matplotlib.projections.polar
import time:       365 |        365 |       mpl_toolkits
import time:       308 |        308 |           mpl_toolkits.mplot3d.proj3d
import time:      7427 |       7734 |         mpl_toolkits.mplot3d.art3d
import time:      3176 |       3176 |         mpl_toolkits.mplot3d.axis3d
import time:      6673 |      17583 |       mpl_toolkits.mplot3d.axes3d
import time:       431 |      18378 |     mpl_toolkits.mplot3d
import time:       329 |      74547 |   matplotlib.projections
import time:      1277 |       1277 |   matplotlib.colorbar
import time:      3847 |      79884 | matplotlib.figure
import time:       295 |        295 | numpy.rec
import time:       355 |        355 | srb_modules.ui_helpers
import time:       374 |        374 | pandas.core.methods.to_dict
import time:      1021 |       1021 | difflib
import time:       440 |        440 |   email
import time:       835 |        835 |     http
import time:       523 |        523 |         email.errors
import time:       414 |        414 |             email.quoprimime
import time:       302 |        302 |             email.base64mime
import time:       376 |        376 |                 quopri
import time:       303 |        678 |               email.encoders
import time:       374 |       1052 |             email.charset
import time:       693 |       2461 |           email.header
import time:       422 |        422 |             email._parseaddr
import time:       555 |        976 |           email.utils
import time:       441 |       3878 |         email._policybase
import time:       690 |       5089 |       email.feedparser
import time:       473 |       5562 |     email.parser
import time:       427 |        427 |       email._encoded_words
import time:       326 |        326 |       email.iterators
import time:       622 |       1374 |     email.message
import time:      2684 |       2684 |       _ssl
import time:      1853 |       4536 |     ssl
import time:      1269 |      13573 |   http.client
import time:       353 |        353 |     urllib.response
import time:       381 |        734 |   urllib.error
import time:       352 |        352 |   nturl2path
import time:      1423 |      16521 | urllib.request
import time:       512 |        512 |   stringprep
import time:       657 |       1169 | encodings.idna
import time:       496 |        496 |     _queue
import time:       572 |       1067 |   queue
import time:       478 |        478 |       multiprocessing.process
import time:       465 |        465 |       multiprocessing.reduction
import time:       672 |       1614 |     multiprocessing.context
import time:       463 |       2077 |   multiprocessing
import time:       472 |        472 |     multiprocessing.util
import time:       461 |        461 |     _multiprocessing
import time:       709 |       1641 |   multiprocessing.connection
import time:       450 |        450 |   multiprocessing.queues
import time:       773 |       6006 | concurrent.futures.process
import time:       482 |        482 | multiprocessing.synchronize
Izvuceni povrati (banka): 0
